<?xml version="1.0" encoding="UTF-8"?>
<!-- Generated by org.testng.reporters.JUnitXMLReporter -->
<testsuite ignored="0" hostname="LucasCoanPC" failures="0" tests="3" name="Command line test" time="2.88" errors="0" timestamp="2024-03-29T09:44:59 BRT">
  <testcase classname="restApiTest" name="RequestGet" time="1.715"/>
  <testcase classname="restApiTest" name="RequestPost" time="0.545"/>
  <testcase classname="restApiTest" name="RequestPut" time="0.515"/>
</testsuite> <!-- Command line test -->
